Determining if the function crc32c_value exists in the crc32c failed with the following output:
Change Dir: /home/meggie/文档/leveldb-partnercompaction/build/CMakeFiles/CMakeTmp

Run Build Command:"/usr/bin/make" "cmTC_1323d/fast"
/usr/bin/make -f CMakeFiles/cmTC_1323d.dir/build.make CMakeFiles/cmTC_1323d.dir/build
make[1]: Entering directory '/home/meggie/文档/leveldb-partnercompaction/build/CMakeFiles/CMakeTmp'
Building C object CMakeFiles/cmTC_1323d.dir/CheckFunctionExists.c.o
/usr/bin/cc   -DCHECK_FUNCTION_EXISTS=crc32c_value   -std=c11 -o CMakeFiles/cmTC_1323d.dir/CheckFunctionExists.c.o   -c /usr/local/share/cmake-3.9/Modules/CheckFunctionExists.c
Linking C executable cmTC_1323d
/usr/local/bin/cmake -E cmake_link_script CMakeFiles/cmTC_1323d.dir/link.txt --verbose=1
/usr/bin/cc  -DCHECK_FUNCTION_EXISTS=crc32c_value    CMakeFiles/cmTC_1323d.dir/CheckFunctionExists.c.o  -o cmTC_1323d -lcrc32c 
/usr/bin/ld: 找不到 -lcrc32c
collect2: error: ld returned 1 exit status
CMakeFiles/cmTC_1323d.dir/build.make:97: recipe for target 'cmTC_1323d' failed
make[1]: *** [cmTC_1323d] Error 1
make[1]: Leaving directory '/home/meggie/文档/leveldb-partnercompaction/build/CMakeFiles/CMakeTmp'
Makefile:126: recipe for target 'cmTC_1323d/fast' failed
make: *** [cmTC_1323d/fast] Error 2


Determining if the function snappy_compress exists in the snappy failed with the following output:
Change Dir: /home/meggie/文档/leveldb-partnercompaction/build/CMakeFiles/CMakeTmp

Run Build Command:"/usr/bin/make" "cmTC_3c49d/fast"
/usr/bin/make -f CMakeFiles/cmTC_3c49d.dir/build.make CMakeFiles/cmTC_3c49d.dir/build
make[1]: Entering directory '/home/meggie/文档/leveldb-partnercompaction/build/CMakeFiles/CMakeTmp'
Building C object CMakeFiles/cmTC_3c49d.dir/CheckFunctionExists.c.o
/usr/bin/cc   -DCHECK_FUNCTION_EXISTS=snappy_compress   -std=c11 -o CMakeFiles/cmTC_3c49d.dir/CheckFunctionExists.c.o   -c /usr/local/share/cmake-3.9/Modules/CheckFunctionExists.c
Linking C executable cmTC_3c49d
/usr/local/bin/cmake -E cmake_link_script CMakeFiles/cmTC_3c49d.dir/link.txt --verbose=1
/usr/bin/cc  -DCHECK_FUNCTION_EXISTS=snappy_compress    CMakeFiles/cmTC_3c49d.dir/CheckFunctionExists.c.o  -o cmTC_3c49d -lsnappy 
/usr/bin/ld: 找不到 -lsnappy
collect2: error: ld returned 1 exit status
CMakeFiles/cmTC_3c49d.dir/build.make:97: recipe for target 'cmTC_3c49d' failed
make[1]: *** [cmTC_3c49d] Error 1
make[1]: Leaving directory '/home/meggie/文档/leveldb-partnercompaction/build/CMakeFiles/CMakeTmp'
Makefile:126: recipe for target 'cmTC_3c49d/fast' failed
make: *** [cmTC_3c49d/fast] Error 2


Determining if the function malloc exists in the tcmalloc failed with the following output:
Change Dir: /home/meggie/文档/leveldb-partnercompaction/build/CMakeFiles/CMakeTmp

Run Build Command:"/usr/bin/make" "cmTC_e74d5/fast"
/usr/bin/make -f CMakeFiles/cmTC_e74d5.dir/build.make CMakeFiles/cmTC_e74d5.dir/build
make[1]: Entering directory '/home/meggie/文档/leveldb-partnercompaction/build/CMakeFiles/CMakeTmp'
Building C object CMakeFiles/cmTC_e74d5.dir/CheckFunctionExists.c.o
/usr/bin/cc   -DCHECK_FUNCTION_EXISTS=malloc   -std=c11 -o CMakeFiles/cmTC_e74d5.dir/CheckFunctionExists.c.o   -c /usr/local/share/cmake-3.9/Modules/CheckFunctionExists.c
<command-line>:0:23: warning: conflicting types for built-in function ‘malloc’
/usr/local/share/cmake-3.9/Modules/CheckFunctionExists.c:7:3: note: in expansion of macro ‘CHECK_FUNCTION_EXISTS’
   CHECK_FUNCTION_EXISTS(void);
   ^
Linking C executable cmTC_e74d5
/usr/local/bin/cmake -E cmake_link_script CMakeFiles/cmTC_e74d5.dir/link.txt --verbose=1
/usr/bin/cc  -DCHECK_FUNCTION_EXISTS=malloc    CMakeFiles/cmTC_e74d5.dir/CheckFunctionExists.c.o  -o cmTC_e74d5 -ltcmalloc 
/usr/bin/ld: 找不到 -ltcmalloc
collect2: error: ld returned 1 exit status
CMakeFiles/cmTC_e74d5.dir/build.make:97: recipe for target 'cmTC_e74d5' failed
make[1]: *** [cmTC_e74d5] Error 1
make[1]: Leaving directory '/home/meggie/文档/leveldb-partnercompaction/build/CMakeFiles/CMakeTmp'
Makefile:126: recipe for target 'cmTC_e74d5/fast' failed
make: *** [cmTC_e74d5/fast] Error 2


Determining if the F_FULLFSYNC exist failed with the following output:
Change Dir: /home/meggie/文档/leveldb-partnercompaction/build/CMakeFiles/CMakeTmp

Run Build Command:"/usr/bin/make" "cmTC_95b1f/fast"
/usr/bin/make -f CMakeFiles/cmTC_95b1f.dir/build.make CMakeFiles/cmTC_95b1f.dir/build
make[1]: Entering directory '/home/meggie/文档/leveldb-partnercompaction/build/CMakeFiles/CMakeTmp'
Building CXX object CMakeFiles/cmTC_95b1f.dir/CheckSymbolExists.cxx.o
/usr/bin/c++    -std=c++11 -o CMakeFiles/cmTC_95b1f.dir/CheckSymbolExists.cxx.o -c /home/meggie/文档/leveldb-partnercompaction/build/CMakeFiles/CMakeTmp/CheckSymbolExists.cxx
/home/meggie/文档/leveldb-partnercompaction/build/CMakeFiles/CMakeTmp/CheckSymbolExists.cxx: In function ‘int main(int, char**)’:
/home/meggie/文档/leveldb-partnercompaction/build/CMakeFiles/CMakeTmp/CheckSymbolExists.cxx:8:19: error: ‘F_FULLFSYNC’ was not declared in this scope
   return ((int*)(&F_FULLFSYNC))[argc];
                   ^
CMakeFiles/cmTC_95b1f.dir/build.make:65: recipe for target 'CMakeFiles/cmTC_95b1f.dir/CheckSymbolExists.cxx.o' failed
make[1]: *** [CMakeFiles/cmTC_95b1f.dir/CheckSymbolExists.cxx.o] Error 1
make[1]: Leaving directory '/home/meggie/文档/leveldb-partnercompaction/build/CMakeFiles/CMakeTmp'
Makefile:126: recipe for target 'cmTC_95b1f/fast' failed
make: *** [cmTC_95b1f/fast] Error 2

File /home/meggie/文档/leveldb-partnercompaction/build/CMakeFiles/CMakeTmp/CheckSymbolExists.cxx:
/* */
#include <fcntl.h>

int main(int argc, char** argv)
{
  (void)argv;
#ifndef F_FULLFSYNC
  return ((int*)(&F_FULLFSYNC))[argc];
#else
  (void)argc;
  return 0;
#endif
}

Performing C++ SOURCE FILE Test HAVE_CLANG_THREAD_SAFETY failed with the following output:
Change Dir: /home/meggie/文档/leveldb-partnercompaction/build/CMakeFiles/CMakeTmp

Run Build Command:"/usr/bin/make" "cmTC_63e8e/fast"
/usr/bin/make -f CMakeFiles/cmTC_63e8e.dir/build.make CMakeFiles/cmTC_63e8e.dir/build
make[1]: Entering directory '/home/meggie/文档/leveldb-partnercompaction/build/CMakeFiles/CMakeTmp'
Building CXX object CMakeFiles/cmTC_63e8e.dir/src.cxx.o
/usr/bin/c++    -DHAVE_CLANG_THREAD_SAFETY -Werror   -std=c++11 -o CMakeFiles/cmTC_63e8e.dir/src.cxx.o -c /home/meggie/文档/leveldb-partnercompaction/build/CMakeFiles/CMakeTmp/src.cxx
/home/meggie/文档/leveldb-partnercompaction/build/CMakeFiles/CMakeTmp/src.cxx:2:34: error: ‘lockable’ attribute directive ignored [-Werror=attributes]
 struct __attribute__((lockable)) Lock {
                                  ^
/home/meggie/文档/leveldb-partnercompaction/build/CMakeFiles/CMakeTmp/src.cxx:3:59: error: ‘exclusive_lock_function’ attribute directive ignored [-Werror=attributes]
   void Acquire() __attribute__((exclusive_lock_function()));
                                                           ^
/home/meggie/文档/leveldb-partnercompaction/build/CMakeFiles/CMakeTmp/src.cxx:4:51: error: ‘unlock_function’ attribute directive ignored [-Werror=attributes]
   void Release() __attribute__((unlock_function()));
                                                   ^
/home/meggie/文档/leveldb-partnercompaction/build/CMakeFiles/CMakeTmp/src.cxx:8:46: error: ‘guarded_by’ attribute directive ignored [-Werror=attributes]
   int data_ __attribute__((guarded_by(lock_)));
                                              ^
cc1plus: all warnings being treated as errors
CMakeFiles/cmTC_63e8e.dir/build.make:65: recipe for target 'CMakeFiles/cmTC_63e8e.dir/src.cxx.o' failed
make[1]: *** [CMakeFiles/cmTC_63e8e.dir/src.cxx.o] Error 1
make[1]: Leaving directory '/home/meggie/文档/leveldb-partnercompaction/build/CMakeFiles/CMakeTmp'
Makefile:126: recipe for target 'cmTC_63e8e/fast' failed
make: *** [cmTC_63e8e/fast] Error 2

Source file was:

struct __attribute__((lockable)) Lock {
  void Acquire() __attribute__((exclusive_lock_function()));
  void Release() __attribute__((unlock_function()));
};
struct ThreadSafeType {
  Lock lock_;
  int data_ __attribute__((guarded_by(lock_)));
};
int main() { return 0; }

Determining if the pthread_create exist failed with the following output:
Change Dir: /home/meggie/文档/leveldb-partnercompaction/build/CMakeFiles/CMakeTmp

Run Build Command:"/usr/bin/make" "cmTC_6e454/fast"
/usr/bin/make -f CMakeFiles/cmTC_6e454.dir/build.make CMakeFiles/cmTC_6e454.dir/build
make[1]: Entering directory '/home/meggie/文档/leveldb-partnercompaction/build/CMakeFiles/CMakeTmp'
Building C object CMakeFiles/cmTC_6e454.dir/CheckSymbolExists.c.o
/usr/bin/cc   -std=c11 -o CMakeFiles/cmTC_6e454.dir/CheckSymbolExists.c.o   -c /home/meggie/文档/leveldb-partnercompaction/build/CMakeFiles/CMakeTmp/CheckSymbolExists.c
Linking C executable cmTC_6e454
/usr/local/bin/cmake -E cmake_link_script CMakeFiles/cmTC_6e454.dir/link.txt --verbose=1
/usr/bin/cc      CMakeFiles/cmTC_6e454.dir/CheckSymbolExists.c.o  -o cmTC_6e454 
CMakeFiles/cmTC_6e454.dir/CheckSymbolExists.c.o：在函数‘main’中：
CheckSymbolExists.c:(.text+0x16)：对‘pthread_create’未定义的引用
collect2: error: ld returned 1 exit status
CMakeFiles/cmTC_6e454.dir/build.make:97: recipe for target 'cmTC_6e454' failed
make[1]: *** [cmTC_6e454] Error 1
make[1]: Leaving directory '/home/meggie/文档/leveldb-partnercompaction/build/CMakeFiles/CMakeTmp'
Makefile:126: recipe for target 'cmTC_6e454/fast' failed
make: *** [cmTC_6e454/fast] Error 2

File /home/meggie/文档/leveldb-partnercompaction/build/CMakeFiles/CMakeTmp/CheckSymbolExists.c:
/* */
#include <pthread.h>

int main(int argc, char** argv)
{
  (void)argv;
#ifndef pthread_create
  return ((int*)(&pthread_create))[argc];
#else
  (void)argc;
  return 0;
#endif
}

Determining if the function pthread_create exists in the pthreads failed with the following output:
Change Dir: /home/meggie/文档/leveldb-partnercompaction/build/CMakeFiles/CMakeTmp

Run Build Command:"/usr/bin/make" "cmTC_05903/fast"
/usr/bin/make -f CMakeFiles/cmTC_05903.dir/build.make CMakeFiles/cmTC_05903.dir/build
make[1]: Entering directory '/home/meggie/文档/leveldb-partnercompaction/build/CMakeFiles/CMakeTmp'
Building C object CMakeFiles/cmTC_05903.dir/CheckFunctionExists.c.o
/usr/bin/cc   -DCHECK_FUNCTION_EXISTS=pthread_create   -std=c11 -o CMakeFiles/cmTC_05903.dir/CheckFunctionExists.c.o   -c /usr/local/share/cmake-3.9/Modules/CheckFunctionExists.c
Linking C executable cmTC_05903
/usr/local/bin/cmake -E cmake_link_script CMakeFiles/cmTC_05903.dir/link.txt --verbose=1
/usr/bin/cc  -DCHECK_FUNCTION_EXISTS=pthread_create    CMakeFiles/cmTC_05903.dir/CheckFunctionExists.c.o  -o cmTC_05903 -lpthreads 
/usr/bin/ld: 找不到 -lpthreads
collect2: error: ld returned 1 exit status
CMakeFiles/cmTC_05903.dir/build.make:97: recipe for target 'cmTC_05903' failed
make[1]: *** [cmTC_05903] Error 1
make[1]: Leaving directory '/home/meggie/文档/leveldb-partnercompaction/build/CMakeFiles/CMakeTmp'
Makefile:126: recipe for target 'cmTC_05903/fast' failed
make: *** [cmTC_05903/fast] Error 2


Determining if the function sqlite3_open exists in the sqlite3 failed with the following output:
Change Dir: /home/meggie/文档/leveldb-partnercompaction/build/CMakeFiles/CMakeTmp

Run Build Command:"/usr/bin/make" "cmTC_e73fc/fast"
/usr/bin/make -f CMakeFiles/cmTC_e73fc.dir/build.make CMakeFiles/cmTC_e73fc.dir/build
make[1]: Entering directory '/home/meggie/文档/leveldb-partnercompaction/build/CMakeFiles/CMakeTmp'
Building C object CMakeFiles/cmTC_e73fc.dir/CheckFunctionExists.c.o
/usr/bin/cc   -DCHECK_FUNCTION_EXISTS=sqlite3_open   -std=c11 -o CMakeFiles/cmTC_e73fc.dir/CheckFunctionExists.c.o   -c /usr/local/share/cmake-3.9/Modules/CheckFunctionExists.c
Linking C executable cmTC_e73fc
/usr/local/bin/cmake -E cmake_link_script CMakeFiles/cmTC_e73fc.dir/link.txt --verbose=1
/usr/bin/cc  -DCHECK_FUNCTION_EXISTS=sqlite3_open    CMakeFiles/cmTC_e73fc.dir/CheckFunctionExists.c.o  -o cmTC_e73fc -lsqlite3 
/usr/bin/ld: 找不到 -lsqlite3
collect2: error: ld returned 1 exit status
CMakeFiles/cmTC_e73fc.dir/build.make:97: recipe for target 'cmTC_e73fc' failed
make[1]: *** [cmTC_e73fc] Error 1
make[1]: Leaving directory '/home/meggie/文档/leveldb-partnercompaction/build/CMakeFiles/CMakeTmp'
Makefile:126: recipe for target 'cmTC_e73fc/fast' failed
make: *** [cmTC_e73fc/fast] Error 2


Performing C++ SOURCE FILE Test HAVE_KYOTOCABINET failed with the following output:
Change Dir: /home/meggie/文档/leveldb-partnercompaction/build/CMakeFiles/CMakeTmp

Run Build Command:"/usr/bin/make" "cmTC_ce466/fast"
/usr/bin/make -f CMakeFiles/cmTC_ce466.dir/build.make CMakeFiles/cmTC_ce466.dir/build
make[1]: Entering directory '/home/meggie/文档/leveldb-partnercompaction/build/CMakeFiles/CMakeTmp'
Building CXX object CMakeFiles/cmTC_ce466.dir/src.cxx.o
/usr/bin/c++    -DHAVE_KYOTOCABINET   -std=c++11 -o CMakeFiles/cmTC_ce466.dir/src.cxx.o -c /home/meggie/文档/leveldb-partnercompaction/build/CMakeFiles/CMakeTmp/src.cxx
/home/meggie/文档/leveldb-partnercompaction/build/CMakeFiles/CMakeTmp/src.cxx:2:22: fatal error: kcpolydb.h: 没有那个文件或目录
compilation terminated.
CMakeFiles/cmTC_ce466.dir/build.make:65: recipe for target 'CMakeFiles/cmTC_ce466.dir/src.cxx.o' failed
make[1]: *** [CMakeFiles/cmTC_ce466.dir/src.cxx.o] Error 1
make[1]: Leaving directory '/home/meggie/文档/leveldb-partnercompaction/build/CMakeFiles/CMakeTmp'
Makefile:126: recipe for target 'cmTC_ce466/fast' failed
make: *** [cmTC_ce466/fast] Error 2

Source file was:

#include <kcpolydb.h>

int main() {
  kyotocabinet::TreeDB* db = new kyotocabinet::TreeDB();
  delete db;
  return 0;
}
  
